Performing C++ SOURCE FILE Test CMAKE_HAVE_LIBC_PTHREAD failed with the following output:
Change Dir: D:/testLibusb/cmake-build-debug-visual-studio/CMakeFiles/CMakeScratch/TryCompile-upk8nw

Run Build Command(s):C:/Program Files (x86)/JetBrains/CLion 2023.1.5/bin/ninja/win/x64/ninja.exe cmTC_131f6 && [1/2] Building CXX object CMakeFiles\cmTC_131f6.dir\src.cxx.obj
FAILED: CMakeFiles/cmTC_131f6.dir/src.cxx.obj 
C:\PROGRA~1\MIB055~1\2022\COMMUN~1\VC\Tools\MSVC\1437~1.328\bin\Hostx64\x64\cl.exe  /nologo /TP -DCMAKE_HAVE_LIBC_PTHREAD  /DWIN32 /D_WINDOWS /EHsc  /Zi /Ob0 /Od /RTC1 -MDd -std:c++17 /showIncludes /FoCMakeFiles\cmTC_131f6.dir\src.cxx.obj /FdCMakeFiles\cmTC_131f6.dir\ /FS -c D:\testLibusb\cmake-build-debug-visual-studio\CMakeFiles\CMakeScratch\TryCompile-upk8nw\src.cxx
D:\testLibusb\cmake-build-debug-visual-studio\CMakeFiles\CMakeScratch\TryCompile-upk8nw\src.cxx(1): fatal error C1083: 无法打开包括文件: “pthread.h”: No such file or directory
ninja: build stopped: subcommand failed.


Source file was:
#include <pthread.h>

static void* test_func(void* data)
{
  return data;
}

int main(void)
{
  pthread_t thread;
  pthread_create(&thread, NULL, test_func, NULL);
  pthread_detach(thread);
  pthread_cancel(thread);
  pthread_join(thread, NULL);
  pthread_atfork(NULL, NULL, NULL);
  pthread_exit(NULL);

  return 0;
}


Determining if the function pthread_create exists in the pthreads failed with the following output:
Change Dir: D:/testLibusb/cmake-build-debug-visual-studio/CMakeFiles/CMakeScratch/TryCompile-b4idsi

Run Build Command(s):C:/Program Files (x86)/JetBrains/CLion 2023.1.5/bin/ninja/win/x64/ninja.exe cmTC_08c80 && [1/2] Building CXX object CMakeFiles\cmTC_08c80.dir\CheckFunctionExists.cxx.obj
[2/2] Linking CXX executable cmTC_08c80.exe
FAILED: cmTC_08c80.exe 
cmd.exe /C "cd . && "C:\Program Files (x86)\JetBrains\CLion 2023.1.5\bin\cmake\win\x64\bin\cmake.exe" -E vs_link_exe --intdir=CMakeFiles\cmTC_08c80.dir --rc=C:\PROGRA~2\WI3CF2~1\10\bin\100226~1.0\x64\rc.exe --mt=C:\PROGRA~2\WI3CF2~1\10\bin\100226~1.0\x64\mt.exe --manifests  -- C:\PROGRA~1\MIB055~1\2022\COMMUN~1\VC\Tools\MSVC\1437~1.328\bin\Hostx64\x64\link.exe /nologo CMakeFiles\cmTC_08c80.dir\CheckFunctionExists.cxx.obj  /out:cmTC_08c80.exe /implib:cmTC_08c80.lib /pdb:cmTC_08c80.pdb /version:0.0 /machine:x64  /debug /INCREMENTAL /subsystem:console  pthreads.lib  kernel32.lib user32.lib gdi32.lib winspool.lib shell32.lib ole32.lib oleaut32.lib uuid.lib comdlg32.lib advapi32.lib && cmd.exe /C "cd /D D:\testLibusb\cmake-build-debug-visual-studio\CMakeFiles\CMakeScratch\TryCompile-b4idsi && C:\Windows\System32\WindowsPowerShell\v1.0\powershell.exe -noprofile -executionpolicy Bypass -file C:/Users/Nanop/vcpkg/scripts/buildsystems/msbuild/applocal.ps1 -targetBinary D:/testLibusb/cmake-build-debug-visual-studio/CMakeFiles/CMakeScratch/TryCompile-b4idsi/cmTC_08c80.exe -installedDir C:/Users/Nanop/vcpkg/installed/x64-windows/debug/bin -OutVariable out""
LINK Pass 1: command "C:\PROGRA~1\MIB055~1\2022\COMMUN~1\VC\Tools\MSVC\1437~1.328\bin\Hostx64\x64\link.exe /nologo CMakeFiles\cmTC_08c80.dir\CheckFunctionExists.cxx.obj /out:cmTC_08c80.exe /implib:cmTC_08c80.lib /pdb:cmTC_08c80.pdb /version:0.0 /machine:x64 /debug /INCREMENTAL /subsystem:console pthreads.lib kernel32.lib user32.lib gdi32.lib winspool.lib shell32.lib ole32.lib oleaut32.lib uuid.lib comdlg32.lib advapi32.lib /MANIFEST /MANIFESTFILE:CMakeFiles\cmTC_08c80.dir/intermediate.manifest CMakeFiles\cmTC_08c80.dir/manifest.res" failed (exit code 1104) with the following output:
LINK : fatal error LNK1104: 无法打开文件“pthreads.lib”
ninja: build stopped: subcommand failed.



Determining if the function pthread_create exists in the pthread failed with the following output:
Change Dir: D:/testLibusb/cmake-build-debug-visual-studio/CMakeFiles/CMakeScratch/TryCompile-rc1ogl

Run Build Command(s):C:/Program Files (x86)/JetBrains/CLion 2023.1.5/bin/ninja/win/x64/ninja.exe cmTC_d2509 && [1/2] Building CXX object CMakeFiles\cmTC_d2509.dir\CheckFunctionExists.cxx.obj
[2/2] Linking CXX executable cmTC_d2509.exe
FAILED: cmTC_d2509.exe 
cmd.exe /C "cd . && "C:\Program Files (x86)\JetBrains\CLion 2023.1.5\bin\cmake\win\x64\bin\cmake.exe" -E vs_link_exe --intdir=CMakeFiles\cmTC_d2509.dir --rc=C:\PROGRA~2\WI3CF2~1\10\bin\100226~1.0\x64\rc.exe --mt=C:\PROGRA~2\WI3CF2~1\10\bin\100226~1.0\x64\mt.exe --manifests  -- C:\PROGRA~1\MIB055~1\2022\COMMUN~1\VC\Tools\MSVC\1437~1.328\bin\Hostx64\x64\link.exe /nologo CMakeFiles\cmTC_d2509.dir\CheckFunctionExists.cxx.obj  /out:cmTC_d2509.exe /implib:cmTC_d2509.lib /pdb:cmTC_d2509.pdb /version:0.0 /machine:x64  /debug /INCREMENTAL /subsystem:console  pthread.lib  kernel32.lib user32.lib gdi32.lib winspool.lib shell32.lib ole32.lib oleaut32.lib uuid.lib comdlg32.lib advapi32.lib && cmd.exe /C "cd /D D:\testLibusb\cmake-build-debug-visual-studio\CMakeFiles\CMakeScratch\TryCompile-rc1ogl && C:\Windows\System32\WindowsPowerShell\v1.0\powershell.exe -noprofile -executionpolicy Bypass -file C:/Users/Nanop/vcpkg/scripts/buildsystems/msbuild/applocal.ps1 -targetBinary D:/testLibusb/cmake-build-debug-visual-studio/CMakeFiles/CMakeScratch/TryCompile-rc1ogl/cmTC_d2509.exe -installedDir C:/Users/Nanop/vcpkg/installed/x64-windows/debug/bin -OutVariable out""
LINK Pass 1: command "C:\PROGRA~1\MIB055~1\2022\COMMUN~1\VC\Tools\MSVC\1437~1.328\bin\Hostx64\x64\link.exe /nologo CMakeFiles\cmTC_d2509.dir\CheckFunctionExists.cxx.obj /out:cmTC_d2509.exe /implib:cmTC_d2509.lib /pdb:cmTC_d2509.pdb /version:0.0 /machine:x64 /debug /INCREMENTAL /subsystem:console pthread.lib kernel32.lib user32.lib gdi32.lib winspool.lib shell32.lib ole32.lib oleaut32.lib uuid.lib comdlg32.lib advapi32.lib /MANIFEST /MANIFESTFILE:CMakeFiles\cmTC_d2509.dir/intermediate.manifest CMakeFiles\cmTC_d2509.dir/manifest.res" failed (exit code 1104) with the following output:
LINK : fatal error LNK1104: 无法打开文件“pthread.lib”
ninja: build stopped: subcommand failed.



